<?xml version="1.0" encoding="UTF-8"?>
<testsuite xmlns:xsi="http://www.w3.org/2001/XMLSchema-instance" xsi:noNamespaceSchemaLocation="https://maven.apache.org/surefire/maven-surefire-plugin/xsd/surefire-test-report-3.0.xsd" version="3.0" name="com.superprice.SuperpriceApplicationTests" time="3.809" tests="6" errors="0" skipped="0" failures="0">
  <properties>
[...]
</properties>
  <testcase name="sortByPriceDescending" classname="com.superprice.SuperpriceApplicationTests" time="0.042">
    <system-out><![CDATA[13:28:50.044 [main] INFO org.springframework.test.context.support.AnnotationConfigContextLoaderUtils -- Could not detect default configuration classes for test class [com.superprice.SuperpriceApplicationTests]: SuperpriceApplicationTests does not declare any static, non-private, non-final, nested classes annotated with @Configuration.
13:28:50.138 [main] INFO org.springframework.boot.test.context.SpringBootTestContextBootstrapper -- Found @SpringBootConfiguration com.superprice.SuperpriceApplication for test class com.superprice.SuperpriceApplicationTests

  .   ____          _            __ _ _
 /\\ / ___'_ __ _ _(_)_ __  __ _ \ \ \ \
( ( )\___ | '_ | '_| | '_ \/ _` | \ \ \ \
 \\/  ___)| |_)| | | | | || (_| |  ) ) ) )
  '  |____| .__|_| |_|_| |_\__, | / / / /
 =========|_|==============|___/=/_/_/_/
 :: Spring Boot ::                (v3.1.2)

2023-10-08T13:28:50.423+11:00  INFO 66312 --- [           main] c.superprice.SuperpriceApplicationTests  : Starting SuperpriceApplicationTests using Java 17.0.8 with PID 66312 (started by nathannguyen in /Users/nathannguyen/RMIT Coding/PATFINAL/team-project-group-p03-01/backend)
2023-10-08T13:28:50.424+11:00  INFO 66312 --- [           main] c.superprice.SuperpriceApplicationTests  : No active profile set, falling back to 1 default profile: "default"
2023-10-08T13:28:52.884+11:00  INFO 66312 --- [           main] o.f.c.internal.license.VersionPrinter    : Flyway Community Edition 9.16.3 by Redgate
2023-10-08T13:28:52.884+11:00  INFO 66312 --- [           main] o.f.c.internal.license.VersionPrinter    : See release notes here: https://rd.gt/416ObMi
2023-10-08T13:28:52.884+11:00  INFO 66312 --- [           main] o.f.c.internal.license.VersionPrinter    : 
2023-10-08T13:28:52.900+11:00  INFO 66312 --- [           main] com.zaxxer.hikari.HikariDataSource       : HikariPool-1 - Starting...
2023-10-08T13:28:53.398+11:00  INFO 66312 --- [           main] com.zaxxer.hikari.pool.HikariPool        : HikariPool-1 - Added connection com.mysql.cj.jdbc.ConnectionImpl@6e7da5f4
2023-10-08T13:28:53.399+11:00  INFO 66312 --- [           main] com.zaxxer.hikari.HikariDataSource       : HikariPool-1 - Start completed.
2023-10-08T13:28:53.435+11:00  INFO 66312 --- [           main] o.f.c.i.database.base.BaseDatabaseType   : Database: jdbc:mysql://localhost:3306/superpricedb (MySQL 8.1)
2023-10-08T13:28:53.506+11:00  WARN 66312 --- [           main] o.f.c.internal.database.base.Database    : Flyway upgrade recommended: MySQL 8.1 is newer than this version of Flyway and support has not been tested. The latest supported version of MySQL is 8.0.
2023-10-08T13:28:53.551+11:00  INFO 66312 --- [           main] o.f.core.internal.command.DbValidate     : Successfully validated 2 migrations (execution time 00:00.032s)
2023-10-08T13:28:53.565+11:00  INFO 66312 --- [           main] o.f.core.internal.command.DbMigrate      : Current version of schema `superpricedb`: 2
2023-10-08T13:28:53.566+11:00  INFO 66312 --- [           main] o.f.core.internal.command.DbMigrate      : Schema `superpricedb` is up to date. No migration necessary.
2023-10-08T13:28:53.626+11:00  INFO 66312 --- [           main] c.superprice.SuperpriceApplicationTests  : Started SuperpriceApplicationTests in 3.373 seconds (process running for 4.454)
]]></system-out>
  </testcase>
  <testcase name="searchByProductName" classname="com.superprice.SuperpriceApplicationTests" time="0.003"/>
  <testcase name="filterBySupermarket" classname="com.superprice.SuperpriceApplicationTests" time="0.002"/>
  <testcase name="filterByPriceRange" classname="com.superprice.SuperpriceApplicationTests" time="0.002"/>
  <testcase name="comparePriceAcrossSupermarkets" classname="com.superprice.SuperpriceApplicationTests" time="0.002"/>
  <testcase name="sortByPriceAscending" classname="com.superprice.SuperpriceApplicationTests" time="0.002"/>
</testsuite>